Started GET "/" for 127.0.0.1 at 2017-10-29 14:48:20 +0200
Processing by Rails::WelcomeController#index as HTML
  Rendering /home/magi_marinova/.rbenv/versions/2.3.1/lib/ruby/gems/2.3.0/gems/railties-5.1.4/lib/rails/templates/rails/welcome/index.html.erb
  Rendered /home/magi_marinova/.rbenv/versions/2.3.1/lib/ruby/gems/2.3.0/gems/railties-5.1.4/lib/rails/templates/rails/welcome/index.html.erb (22.5ms)
Completed 200 OK in 1651ms (Views: 65.2ms)


Started GET "/" for 127.0.0.1 at 2017-10-29 14:48:33 +0200
Processing by Rails::WelcomeController#index as HTML
  Rendering /home/magi_marinova/.rbenv/versions/2.3.1/lib/ruby/gems/2.3.0/gems/railties-5.1.4/lib/rails/templates/rails/welcome/index.html.erb
  Rendered /home/magi_marinova/.rbenv/versions/2.3.1/lib/ruby/gems/2.3.0/gems/railties-5.1.4/lib/rails/templates/rails/welcome/index.html.erb (20.9ms)
Completed 200 OK in 66ms (Views: 58.2ms)


Started GET "//" for 127.0.0.1 at 2017-10-29 14:49:04 +0200
Processing by Rails::WelcomeController#index as HTML
  Rendering /home/magi_marinova/.rbenv/versions/2.3.1/lib/ruby/gems/2.3.0/gems/railties-5.1.4/lib/rails/templates/rails/welcome/index.html.erb
  Rendered /home/magi_marinova/.rbenv/versions/2.3.1/lib/ruby/gems/2.3.0/gems/railties-5.1.4/lib/rails/templates/rails/welcome/index.html.erb (23.4ms)
Completed 200 OK in 53ms (Views: 43.9ms)


Started GET "/input" for 127.0.0.1 at 2017-10-29 14:50:52 +0200
  
ActionController::RoutingError (No route matches [GET] "/input"):
  
actionpack (5.1.4) lib/action_dispatch/middleware/debug_exceptions.rb:63:in `call'
web-console (3.5.1) lib/web_console/middleware.rb:135:in `call_app'
web-console (3.5.1) lib/web_console/middleware.rb:28:in `block in call'
web-console (3.5.1) lib/web_console/middleware.rb:18:in `catch'
web-console (3.5.1) lib/web_console/middleware.rb:18:in `call'
actionpack (5.1.4) lib/action_dispatch/middleware/show_exceptions.rb:31:in `call'
railties (5.1.4) lib/rails/rack/logger.rb:36:in `call_app'
railties (5.1.4) lib/rails/rack/logger.rb:24:in `block in call'
activesupport (5.1.4) lib/active_support/tagged_logging.rb:69:in `block in tagged'
activesupport (5.1.4) lib/active_support/tagged_logging.rb:26:in `tagged'
activesupport (5.1.4) lib/active_support/tagged_logging.rb:69:in `tagged'
railties (5.1.4) lib/rails/rack/logger.rb:24:in `call'
sprockets-rails (3.2.1) lib/sprockets/rails/quiet_assets.rb:13:in `call'
actionpack (5.1.4) lib/action_dispatch/middleware/remote_ip.rb:79:in `call'
actionpack (5.1.4) lib/action_dispatch/middleware/request_id.rb:25:in `call'
rack (2.0.3) lib/rack/method_override.rb:22:in `call'
rack (2.0.3) lib/rack/runtime.rb:22:in `call'
activesupport (5.1.4) lib/active_support/cache/strategy/local_cache_middleware.rb:27:in `call'
actionpack (5.1.4) lib/action_dispatch/middleware/executor.rb:12:in `call'
actionpack (5.1.4) lib/action_dispatch/middleware/static.rb:125:in `call'
rack (2.0.3) lib/rack/sendfile.rb:111:in `call'
railties (5.1.4) lib/rails/engine.rb:522:in `call'
puma (3.10.0) lib/puma/configuration.rb:225:in `call'
puma (3.10.0) lib/puma/server.rb:605:in `handle_request'
puma (3.10.0) lib/puma/server.rb:437:in `process_client'
puma (3.10.0) lib/puma/server.rb:301:in `block in run'
puma (3.10.0) lib/puma/thread_pool.rb:120:in `block in spawn_thread'
Started GET "/input" for 127.0.0.1 at 2017-10-29 14:51:16 +0200
  
ActionController::RoutingError (No route matches [GET] "/input"):
  
actionpack (5.1.4) lib/action_dispatch/middleware/debug_exceptions.rb:63:in `call'
web-console (3.5.1) lib/web_console/middleware.rb:135:in `call_app'
web-console (3.5.1) lib/web_console/middleware.rb:28:in `block in call'
web-console (3.5.1) lib/web_console/middleware.rb:18:in `catch'
web-console (3.5.1) lib/web_console/middleware.rb:18:in `call'
actionpack (5.1.4) lib/action_dispatch/middleware/show_exceptions.rb:31:in `call'
railties (5.1.4) lib/rails/rack/logger.rb:36:in `call_app'
railties (5.1.4) lib/rails/rack/logger.rb:24:in `block in call'
activesupport (5.1.4) lib/active_support/tagged_logging.rb:69:in `block in tagged'
activesupport (5.1.4) lib/active_support/tagged_logging.rb:26:in `tagged'
activesupport (5.1.4) lib/active_support/tagged_logging.rb:69:in `tagged'
railties (5.1.4) lib/rails/rack/logger.rb:24:in `call'
sprockets-rails (3.2.1) lib/sprockets/rails/quiet_assets.rb:13:in `call'
actionpack (5.1.4) lib/action_dispatch/middleware/remote_ip.rb:79:in `call'
actionpack (5.1.4) lib/action_dispatch/middleware/request_id.rb:25:in `call'
rack (2.0.3) lib/rack/method_override.rb:22:in `call'
rack (2.0.3) lib/rack/runtime.rb:22:in `call'
activesupport (5.1.4) lib/active_support/cache/strategy/local_cache_middleware.rb:27:in `call'
actionpack (5.1.4) lib/action_dispatch/middleware/executor.rb:12:in `call'
actionpack (5.1.4) lib/action_dispatch/middleware/static.rb:125:in `call'
rack (2.0.3) lib/rack/sendfile.rb:111:in `call'
railties (5.1.4) lib/rails/engine.rb:522:in `call'
puma (3.10.0) lib/puma/configuration.rb:225:in `call'
puma (3.10.0) lib/puma/server.rb:605:in `handle_request'
puma (3.10.0) lib/puma/server.rb:437:in `process_client'
puma (3.10.0) lib/puma/server.rb:301:in `block in run'
puma (3.10.0) lib/puma/thread_pool.rb:120:in `block in spawn_thread'
Started GET "/" for 127.0.0.1 at 2017-10-29 14:52:03 +0200
Processing by TextController#input as HTML
  Rendering text/input.html.erb within layouts/application
  Rendered text/input.html.erb within layouts/application (1.1ms)
Completed 200 OK in 3021ms (Views: 3018.6ms)


Started GET "/" for 127.0.0.1 at 2017-10-29 15:04:50 +0200
Processing by TextController#input as HTML
  Rendering text/input.html.erb within layouts/application
  Rendered text/input.html.erb within layouts/application (2.5ms)
Completed 200 OK in 101ms (Views: 98.5ms)


Started GET "/?utf8=%E2%9C%93&%2F=text" for 127.0.0.1 at 2017-10-29 15:05:02 +0200
Processing by TextController#input as HTML
  Parameters: {"utf8"=>"✓", "/"=>"text"}
  Rendering text/input.html.erb within layouts/application
  Rendered text/input.html.erb within layouts/application (22.1ms)
Completed 200 OK in 190ms (Views: 178.4ms)


Started GET "/?utf8=%E2%9C%93&%2F=text" for 127.0.0.1 at 2017-10-29 15:05:56 +0200
Processing by TextController#input as HTML
  Parameters: {"utf8"=>"✓", "/"=>"text"}
  Rendering text/input.html.erb within layouts/application
  Rendered text/input.html.erb within layouts/application (1.5ms)
Completed 200 OK in 284ms (Views: 275.7ms)


Started GET "/?utf8=%E2%9C%93&%2F=text" for 127.0.0.1 at 2017-10-29 15:05:59 +0200
Processing by TextController#input as HTML
  Parameters: {"utf8"=>"✓", "/"=>"text"}
  Rendering text/input.html.erb within layouts/application
  Rendered text/input.html.erb within layouts/application (1.1ms)
Completed 200 OK in 154ms (Views: 152.5ms)


Started GET "/?utf8=%E2%9C%93&%2F=text" for 127.0.0.1 at 2017-10-29 15:09:21 +0200
Processing by TextController#input as HTML
  Parameters: {"utf8"=>"✓", "/"=>"text"}
  Rendering text/input.html.erb within layouts/application
  Rendered text/input.html.erb within layouts/application (7.8ms)
Completed 200 OK in 92ms (Views: 90.3ms)


Started GET "/?utf8=%E2%9C%93&%2F=text" for 127.0.0.1 at 2017-10-29 15:09:40 +0200
Processing by TextController#input as HTML
  Parameters: {"utf8"=>"✓", "/"=>"text"}
  Rendering text/input.html.erb within layouts/application
  Rendered text/input.html.erb within layouts/application (8.2ms)
Completed 200 OK in 106ms (Views: 99.4ms)


Started GET "/?utf8=%E2%9C%93&%2F=text" for 127.0.0.1 at 2017-10-29 15:09:56 +0200
Processing by TextController#input as HTML
  Parameters: {"utf8"=>"✓", "/"=>"text"}
  Rendering text/input.html.erb within layouts/application
  Rendered text/input.html.erb within layouts/application (2.8ms)
Completed 200 OK in 107ms (Views: 103.3ms)


Started GET "/?utf8=%E2%9C%93&%2F=text" for 127.0.0.1 at 2017-10-29 15:38:34 +0200
Processing by TextController#input as HTML
  Parameters: {"utf8"=>"✓", "/"=>"text"}
Completed 500 Internal Server Error in 421ms (ActiveRecord: 14.4ms)


  
ActiveRecord::StatementInvalid (Could not find table 'messages'):
  
app/controllers/text_controller.rb:3:in `input'
Started GET "/?utf8=%E2%9C%93&%2F=text" for 127.0.0.1 at 2017-10-29 15:45:11 +0200
Processing by TextController#input as HTML
  Parameters: {"utf8"=>"✓", "/"=>"text"}
Completed 500 Internal Server Error in 14ms (ActiveRecord: 0.5ms)


  
ActiveRecord::StatementInvalid (Could not find table 'messages'):
  
app/controllers/text_controller.rb:3:in `input'
Started GET "/?utf8=%E2%9C%93&%2F=text" for 127.0.0.1 at 2017-10-29 15:45:14 +0200
Processing by TextController#input as HTML
  Parameters: {"utf8"=>"✓", "/"=>"text"}
Completed 500 Internal Server Error in 2ms (ActiveRecord: 0.7ms)


  
ActiveRecord::StatementInvalid (Could not find table 'messages'):
  
app/controllers/text_controller.rb:3:in `input'
Started GET "/?utf8=%E2%9C%93&%2F=text" for 127.0.0.1 at 2017-10-29 15:45:15 +0200
Processing by TextController#input as HTML
  Parameters: {"utf8"=>"✓", "/"=>"text"}
Completed 500 Internal Server Error in 11ms (ActiveRecord: 0.4ms)


  
ActiveRecord::StatementInvalid (Could not find table 'messages'):
  
app/controllers/text_controller.rb:3:in `input'
Started GET "/?utf8=%E2%9C%93&%2F=text" for 127.0.0.1 at 2017-10-29 15:45:15 +0200
Processing by TextController#input as HTML
  Parameters: {"utf8"=>"✓", "/"=>"text"}
Completed 500 Internal Server Error in 7ms (ActiveRecord: 0.1ms)


  
ActiveRecord::StatementInvalid (Could not find table 'messages'):
  
app/controllers/text_controller.rb:3:in `input'
Started GET "/?utf8=%E2%9C%93&%2F=text" for 127.0.0.1 at 2017-10-29 15:45:16 +0200
Processing by TextController#input as HTML
  Parameters: {"utf8"=>"✓", "/"=>"text"}
Completed 500 Internal Server Error in 13ms (ActiveRecord: 0.7ms)


  
ActiveRecord::StatementInvalid (Could not find table 'messages'):
  
app/controllers/text_controller.rb:3:in `input'
Started GET "/?utf8=%E2%9C%93&%2F=text" for 127.0.0.1 at 2017-10-29 15:45:16 +0200
Processing by TextController#input as HTML
  Parameters: {"utf8"=>"✓", "/"=>"text"}
Completed 500 Internal Server Error in 12ms (ActiveRecord: 5.9ms)


  
ActiveRecord::StatementInvalid (Could not find table 'messages'):
  
app/controllers/text_controller.rb:3:in `input'
Started GET "/" for 127.0.0.1 at 2017-10-29 15:48:30 +0200
  
SyntaxError (/home/magi_marinova/TP.17.18/hw2/app/controllers/text_controller.rb:4: syntax error, unexpected tCONSTANT, expecting ')'
      id int(11) NOT NULL auto_increment,
                    ^
/home/magi_marinova/TP.17.18/hw2/app/controllers/text_controller.rb:5: syntax error, unexpected tIDENTIFIER, expecting keyword_do or '{' or '('
      name varchar(255),
                  ^
/home/magi_marinova/TP.17.18/hw2/app/controllers/text_controller.rb:5: syntax error, unexpected ',', expecting keyword_end
/home/magi_marinova/TP.17.18/hw2/app/controllers/text_controller.rb:7: syntax error, unexpected ')', expecting keyword_end
    );
     ^):
  
app/controllers/text_controller.rb:4: syntax error, unexpected tCONSTANT, expecting ')'
app/controllers/text_controller.rb:5: syntax error, unexpected tIDENTIFIER, expecting keyword_do or '{' or '('
app/controllers/text_controller.rb:5: syntax error, unexpected ',', expecting keyword_end
app/controllers/text_controller.rb:7: syntax error, unexpected ')', expecting keyword_end
Started GET "/" for 127.0.0.1 at 2017-10-29 15:52:00 +0200
  
SyntaxError (/home/magi_marinova/TP.17.18/hw2/app/controllers/text_controller.rb:4: syntax error, unexpected tCONSTANT, expecting '}'
      id int(11) NOT NULL auto_increment,
                    ^
/home/magi_marinova/TP.17.18/hw2/app/controllers/text_controller.rb:5: syntax error, unexpected tIDENTIFIER, expecting keyword_do or '{' or '('
      name varchar(255),
                  ^
/home/magi_marinova/TP.17.18/hw2/app/controllers/text_controller.rb:5: syntax error, unexpected ',', expecting '}'):
  
app/controllers/text_controller.rb:4: syntax error, unexpected tCONSTANT, expecting '}'
app/controllers/text_controller.rb:5: syntax error, unexpected tIDENTIFIER, expecting keyword_do or '{' or '('
app/controllers/text_controller.rb:5: syntax error, unexpected ',', expecting '}'
Started GET "/" for 127.0.0.1 at 2017-10-29 15:53:05 +0200
  
SyntaxError (/home/magi_marinova/TP.17.18/hw2/app/controllers/text_controller.rb:4: syntax error, unexpected tCONSTANT, expecting '}'
      id int(11) NOT NULL auto_increment
                    ^):
  
app/controllers/text_controller.rb:4: syntax error, unexpected tCONSTANT, expecting '}'
Started GET "/" for 127.0.0.1 at 2017-10-29 15:53:27 +0200
  
SyntaxError (/home/magi_marinova/TP.17.18/hw2/app/controllers/text_controller.rb:4: syntax error, unexpected tCONSTANT, expecting '}'
      id int(11) NOT NULL auto_increment
                    ^):
  
app/controllers/text_controller.rb:4: syntax error, unexpected tCONSTANT, expecting '}'
Started GET "/" for 127.0.0.1 at 2017-10-29 15:55:01 +0200
  
SyntaxError (/home/magi_marinova/TP.17.18/hw2/app/controllers/text_controller.rb:4: syntax error, unexpected tIDENTIFIER, expecting '}'
      'id' int(11) NOT NULL auto_increment
              ^
/home/magi_marinova/TP.17.18/hw2/app/controllers/text_controller.rb:4: syntax error, unexpected tCONSTANT, expecting '}'
      'id' int(11) NOT NULL auto_increment
                      ^):
  
app/controllers/text_controller.rb:4: syntax error, unexpected tIDENTIFIER, expecting '}'
app/controllers/text_controller.rb:4: syntax error, unexpected tCONSTANT, expecting '}'
Started GET "/" for 127.0.0.1 at 2017-10-29 15:57:16 +0200
  
SyntaxError (/home/magi_marinova/TP.17.18/hw2/app/controllers/text_controller.rb:3: syntax error, unexpected '(', expecting keyword_end
/home/magi_marinova/TP.17.18/hw2/app/controllers/text_controller.rb:4: syntax error, unexpected tIDENTIFIER, expecting keyword_end
      'id' int(11) NOT NULL
              ^
/home/magi_marinova/TP.17.18/hw2/app/controllers/text_controller.rb:4: syntax error, unexpected tCONSTANT, expecting keyword_end
      'id' int(11) NOT NULL
                      ^
/home/magi_marinova/TP.17.18/hw2/app/controllers/text_controller.rb:7: syntax error, unexpected ')', expecting keyword_end
    );
     ^):
  
app/controllers/text_controller.rb:3: syntax error, unexpected '(', expecting keyword_end
app/controllers/text_controller.rb:4: syntax error, unexpected tIDENTIFIER, expecting keyword_end
app/controllers/text_controller.rb:4: syntax error, unexpected tCONSTANT, expecting keyword_end
app/controllers/text_controller.rb:7: syntax error, unexpected ')', expecting keyword_end
Started GET "/" for 127.0.0.1 at 2017-10-29 15:58:25 +0200
  
SyntaxError (/home/magi_marinova/TP.17.18/hw2/app/controllers/text_controller.rb:3: syntax error, unexpected '{', expecting keyword_end
/home/magi_marinova/TP.17.18/hw2/app/controllers/text_controller.rb:4: syntax error, unexpected tIDENTIFIER, expecting keyword_end
      'id' int(11) NOT NULL auto_increment
              ^
/home/magi_marinova/TP.17.18/hw2/app/controllers/text_controller.rb:4: syntax error, unexpected tCONSTANT, expecting keyword_end
      'id' int(11) NOT NULL auto_increment
                      ^
/home/magi_marinova/TP.17.18/hw2/app/controllers/text_controller.rb:7: syntax error, unexpected '}', expecting keyword_end
    };
     ^):
  
app/controllers/text_controller.rb:3: syntax error, unexpected '{', expecting keyword_end
app/controllers/text_controller.rb:4: syntax error, unexpected tIDENTIFIER, expecting keyword_end
app/controllers/text_controller.rb:4: syntax error, unexpected tCONSTANT, expecting keyword_end
app/controllers/text_controller.rb:7: syntax error, unexpected '}', expecting keyword_end
Started GET "/" for 127.0.0.1 at 2017-10-29 15:59:31 +0200
  
SyntaxError (/home/magi_marinova/TP.17.18/hw2/app/controllers/text_controller.rb:4: syntax error, unexpected tIDENTIFIER, expecting '}'
      'id' int(11) NOT NULL auto_increment,
              ^
/home/magi_marinova/TP.17.18/hw2/app/controllers/text_controller.rb:4: syntax error, unexpected tCONSTANT, expecting '}'
      'id' int(11) NOT NULL auto_increment,
                      ^
/home/magi_marinova/TP.17.18/hw2/app/controllers/text_controller.rb:5: syntax error, unexpected tIDENTIFIER, expecting keyword_do or '{' or '('
      name varchar(255),
                  ^
/home/magi_marinova/TP.17.18/hw2/app/controllers/text_controller.rb:5: syntax error, unexpected ',', expecting '}'
/home/magi_marinova/TP.17.18/hw2/app/controllers/text_controller.rb:7: syntax error, unexpected '}'
    };
     ^
/home/magi_marinova/TP.17.18/hw2/app/controllers/text_controller.rb:11: syntax error, unexpected keyword_end, expecting '}'):
  
app/controllers/text_controller.rb:4: syntax error, unexpected tIDENTIFIER, expecting '}'
app/controllers/text_controller.rb:4: syntax error, unexpected tCONSTANT, expecting '}'
app/controllers/text_controller.rb:5: syntax error, unexpected tIDENTIFIER, expecting keyword_do or '{' or '('
app/controllers/text_controller.rb:5: syntax error, unexpected ',', expecting '}'
app/controllers/text_controller.rb:7: syntax error, unexpected '}'
app/controllers/text_controller.rb:11: syntax error, unexpected keyword_end, expecting '}'
Started GET "/" for 127.0.0.1 at 2017-10-29 22:44:40 +0200
Processing by TextController#input as HTML
  Rendering text/input.html.erb within layouts/application
  Rendered text/input.html.erb within layouts/application (2.3ms)
Completed 200 OK in 221ms (Views: 218.2ms)


Started GET "/?utf8=%E2%9C%93&post%5Bbody%5D=magi+e+qka" for 127.0.0.1 at 2017-10-29 22:44:50 +0200
Processing by TextController#input as HTML
  Parameters: {"utf8"=>"✓", "post"=>{"body"=>"magi e qka"}}
  Rendering text/input.html.erb within layouts/application
  Rendered text/input.html.erb within layouts/application (6.0ms)
Completed 200 OK in 154ms (Views: 138.2ms)


